###############################################################
#  Generated by:      Cadence Innovus 21.15-s110_1
#  OS:                Linux x86_64(Host ID vesit.ves.ac.in)
#  Generated on:      Thu Apr  9 15:02:28 2026
#  Design:            pwm_gen
#  Command:           checkDesign -all
###############################################################
Design: pwm_gen

------ Design Summary:
Total Standard Cell Number   (cells) : 42
Total Block Cell Number      (cells) : 0
Total I/O Pad Cell Number    (cells) : 0
Total Standard Cell Area     ( um^2) : 974.64
Total Block Cell Area        ( um^2) : 0.00
Total I/O Pad Cell Area      ( um^2) : 0.00

------ Design Statistics:

Number of Instances            : 42
Number of Non-uniquified Insts : 40
Number of Nets                 : 63
Average number of Pins per Net : 2.79
Maximum number of Pins in Net  : 11

------ I/O Port summary

Number of Primary I/O Ports    : 11
Number of Input Ports          : 10
Number of Output Ports         : 1
Number of Bidirectional Ports  : 0
Number of Power/Ground Ports   : 0



------------------------------------------------------------
Detail report:


------ I/O Pad/Port Checking


